<?xml version="1.0" encoding="UTF-8"?>
<!-- Generated by org.testng.reporters.JUnitXMLReporter -->
<testsuite ignored="0" hostname="DESKTOP-NIKNT8S" failures="0" tests="5" name="a-t1" time="0.076" errors="0" timestamp="2024-04-29T17:55:23 PDT">
  <testcase classname="TestArithmetic" name="TestMultiFunction1" time="0.023"/>
  <testcase classname="TestArithmetic" name="TestAdditionFunction1" time="0.002"/>
  <testcase classname="TestArithmetic" name="TestAdditionFunction" time="0.0"/>
  <testcase classname="JavaBasicFunctions" name="TestAdditionFunction2" time="0.001"/>
  <testcase classname="JavaBasicFunctions" name="TestAdditionFunction1" time="0.0"/>
</testsuite> <!-- a-t1 -->
